<?xml version="1.0" encoding="UTF-8"?>
<testng-results ignored="0" total="1" passed="1" failed="0" skipped="0">
  <reporter-output>
  </reporter-output>
  <suite started-at="2020-10-16T04:41:12 IST" name="Default suite" finished-at="2020-10-16T04:41:35 IST" duration-ms="23183">
    <groups>
    </groups>
    <test started-at="2020-10-16T04:41:12 IST" name="Default test" finished-at="2020-10-16T04:41:35 IST" duration-ms="23183">
      <class name="ddt.register">
        <test-method signature="registerToShaadi(java.lang.String, java.lang.String)[pri:0, instance:ddt.register@37858383]" started-at="2020-10-16T04:41:13 IST" name="registerToShaadi" data-provider="shaadiData" finished-at="2020-10-16T04:41:34 IST" duration-ms="21522" status="PASS">
          <params>
            <param index="0">
              <value>
                <![CDATA[arunkunj25@gmail.com]]>
              </value>
            </param>
            <param index="1">
              <value>
                <![CDATA[arun]]>
              </value>
            </param>
          </params>
          <reporter-output>
          </reporter-output>
        </test-method> <!-- registerToShaadi -->
        <test-method is-config="true" signature="tearDown()[pri:0, instance:ddt.register@37858383]" started-at="2020-10-16T04:41:34 IST" name="tearDown" finished-at="2020-10-16T04:41:35 IST" duration-ms="690" status="PASS">
          <reporter-output>
          </reporter-output>
        </test-method> <!-- tearDown -->
      </class> <!-- ddt.register -->
    </test> <!-- Default test -->
  </suite> <!-- Default suite -->
</testng-results>
